<?xml version="1.0" encoding="UTF-8"?>
<!-- Generated by org.testng.reporters.JUnitReportReporter -->
<testsuite skipped="0" hostname="DESKTOP-MJ2E4FE" name="testing.ValidationEmail_form" tests="1" failures="0" timestamp="2022-06-08T13:13:31 IST" time="9.441" errors="0">
  <testcase name="validateEmail" time="9.441" classname="testing.ValidationEmail_form"/>
</testsuite> <!-- testing.ValidationEmail_form -->
