<?xml version="1.0" encoding="UTF-8"?>
<!-- Generated by org.testng.reporters.JUnitReportReporter -->
<testsuite hostname="VXBLRNBK77" failures="0" tests="1" name="testing.selectDRopdown_checkAllOption" time="4.991" errors="0" timestamp="2022-05-07T17:16:47 IST" skipped="0">
  <testcase classname="testing.selectDRopdown_checkAllOption" name="verifyAllOPtionBE" time="4.991"/>
  <system-out/>
</testsuite> <!-- testing.selectDRopdown_checkAllOption -->
