<?xml version="1.0" encoding="UTF-8"?>
<!-- Generated by org.testng.reporters.JUnitReportReporter -->
<testsuite hostname="VXBLRNBK77" failures="0" tests="1" name="testing.ValidationMobileNum_form" time="4.604" errors="0" timestamp="2022-05-07T17:16:47 IST" skipped="0">
  <testcase classname="testing.ValidationMobileNum_form" name="validMobileNum" time="4.604"/>
  <system-out/>
</testsuite> <!-- testing.ValidationMobileNum_form -->
