<?xml version="1.0" encoding="UTF-8"?>
<!-- Generated by org.testng.reporters.JUnitReportReporter -->
<testsuite skipped="0" hostname="DESKTOP-MJ2E4FE" name="testing.selectDRopdown_checkAllOption" tests="1" failures="0" timestamp="2022-06-08T10:35:51 IST" time="6.280" errors="0">
  <testcase name="verifyAllOPtionBE" time="6.280" classname="testing.selectDRopdown_checkAllOption"/>
</testsuite> <!-- testing.selectDRopdown_checkAllOption -->
