<?xml version="1.0" encoding="UTF-8"?>
<!-- Generated by org.testng.reporters.JUnitReportReporter -->
<testsuite skipped="0" hostname="DESKTOP-MJ2E4FE" name="testing.submitForm" tests="1" failures="0" timestamp="2022-06-08T10:36:53 IST" time="39.830" errors="0">
  <testcase name="submitFormSucc" time="39.830" classname="testing.submitForm"/>
</testsuite> <!-- testing.submitForm -->
