<?xml version="1.0" encoding="UTF-8"?>
<!-- Generated by org.testng.reporters.JUnitReportReporter -->
<testsuite hostname="VXBLRNBK77" failures="0" tests="1" name="testing.ValidationEmail_form" time="4.729" errors="0" timestamp="2022-05-07T18:50:02 IST" skipped="0">
  <testcase classname="testing.ValidationEmail_form" name="validateEmail" time="4.729"/>
  <system-out/>
</testsuite> <!-- testing.ValidationEmail_form -->
