<?xml version="1.0" encoding="UTF-8"?>
<!-- Generated by org.testng.reporters.JUnitReportReporter -->
<testsuite skipped="0" hostname="DESKTOP-MJ2E4FE" name="testing.ValidationMobileNum_form" tests="1" failures="0" timestamp="2022-06-08T13:20:18 IST" time="9.956" errors="0">
  <testcase name="validMobileNum" time="9.956" classname="testing.ValidationMobileNum_form"/>
</testsuite> <!-- testing.ValidationMobileNum_form -->
